2020-08-13 11:28:36,878 WARN  [SoapUI] Missing folder [C:\Users\Rana\Desktop\Test Automation\Workstation\Soap UI project\ext] for external libraries
2020-08-13 11:28:37,177 INFO  [DefaultSoapUICore] initialized soapui-settings from [C:\Users\Rana\soapui-settings.xml]
2020-08-13 11:28:38,060 INFO  [Reflections] Reflections took 144 ms to scan 2 urls, producing 75 keys and 160 values 
2020-08-13 11:28:38,123 INFO  [Reflections] Reflections took 36 ms to scan 1 urls, producing 46 keys and 344 values 
2020-08-13 11:28:38,138 INFO  [Reflections] Reflections took 7 ms to scan 1 urls, producing 11 keys and 17 values 
2020-08-13 11:28:38,160 INFO  [Reflections] Reflections took 9 ms to scan 1 urls, producing 13 keys and 21 values 
2020-08-13 11:28:38,430 INFO  [Reflections] Reflections took 185 ms to scan 13 urls, producing 341 keys and 1458 values 
2020-08-13 11:28:38,452 INFO  [PluginManager] Adding plugin from [C:\Users\Rana\.soapuios\plugins\soapui-swagger-plugin-2.2-dist.jar]
2020-08-13 11:28:38,452 INFO  [PluginManager] Adding plugin from [C:\Users\Rana\.soapuios\plugins\ready-mqtt-plugin-dist.jar]
2020-08-13 11:28:38,508 INFO  [Reflections] Reflections took 36 ms to scan 2 urls, producing 75 keys and 160 values 
2020-08-13 11:28:38,760 INFO  [Reflections] Reflections took 237 ms to scan 13 urls, producing 341 keys and 1458 values 
2020-08-13 11:28:39,403 INFO  [Reflections] Reflections took 878 ms to scan 1 urls, producing 1492 keys and 5707 values 
2020-08-13 11:28:39,437 INFO  [PluginManager] Adding plugin from [C:\Users\Rana\.soapuios\plugins\ready-uxm-plugin-os-1.0.3.jar]
2020-08-13 11:28:39,455 INFO  [Reflections] Reflections took 12 ms to scan 1 urls, producing 46 keys and 344 values 
2020-08-13 11:28:39,609 INFO  [Reflections] Reflections took 836 ms to scan 1 urls, producing 1492 keys and 5707 values 
2020-08-13 11:28:39,641 INFO  [PluginManager] Adding plugin from [C:\Users\Rana\.soapuios\plugins\readyapi-postman-1.0.1.jar]
2020-08-13 11:28:39,654 INFO  [Reflections] Reflections took 8 ms to scan 1 urls, producing 11 keys and 17 values 
2020-08-13 11:28:40,121 INFO  [Reflections] Reflections took 655 ms to scan 1 urls, producing 1492 keys and 5707 values 
2020-08-13 11:28:40,130 INFO  [PluginManager] Adding plugin from [C:\Users\Rana\.soapuios\plugins\readyapi-swaggerhub-plugin-1.0.jar]
2020-08-13 11:28:40,139 INFO  [Reflections] Reflections took 1 ms to scan 1 urls, producing 13 keys and 21 values 
2020-08-13 11:28:40,297 INFO  [Reflections] Reflections took 637 ms to scan 1 urls, producing 1492 keys and 5707 values 
2020-08-13 11:28:40,585 INFO  [Reflections] Reflections took 438 ms to scan 1 urls, producing 1492 keys and 5707 values 
2020-08-13 11:28:40,597 INFO  [PluginManager] 5 plugins loaded in 2147 ms
2020-08-13 11:28:40,597 INFO  [DefaultSoapUICore] All plugins loaded
2020-08-13 11:28:41,482 WARN  [Tools] Could not delete temporary directory C:\Users\Rana\AppData\Local\Temp\0435462b-ae24-4437-a6c2-f47325dbd714
2020-08-13 11:28:41,482 WARN  [Tools] Could not delete temporary directory C:\Users\Rana\AppData\Local\Temp\f1b68c73-31f8-4dbe-a63c-e91d8c140890
2020-08-13 11:28:41,486 WARN  [Tools] Could not delete temporary directory C:\Users\Rana\AppData\Local\Temp\cbe12c1c-affa-4d7a-9b00-f391c91763ed
2020-08-13 11:28:41,486 WARN  [Tools] Could not delete temporary directory C:\Users\Rana\AppData\Local\Temp\cb048a93-0d57-42fc-b3e7-d680ce13db00
